<?xml version="1.0" encoding="UTF-8"?>
<!-- Generated by org.testng.reporters.JUnitReportReporter -->
<testsuite hostname="Rameshs-MacBook-Air.local" failures="0" tests="1" name="RameshSwarnkarAutomation.TestCases.ErrorValidationsTest" time="36.997" errors="0" timestamp="2025-03-07T19:10:51 EST" skipped="0">
  <testcase classname="RameshSwarnkarAutomation.TestCases.ErrorValidationsTest" name="loginErrorValidations" time="36.997"/>
</testsuite> <!-- RameshSwarnkarAutomation.TestCases.ErrorValidationsTest -->
